<?xml version="1.0" encoding="UTF-8"?>
<!-- Generated by org.testng.reporters.JUnitXMLReporter -->
<testsuite ignored="0" hostname="DESKTOP-BR2IMTQ" failures="0" tests="6" name="Test" time="81.422" errors="0" timestamp="2024-04-27T17:42:32 SELČ">
  <testcase classname="DemoApp_tests.TC_06" name="Miscellanous" time="7.374"/>
  <testcase classname="DemoApp_tests.TC_04" name="SwipeDemoTest" time="4.295"/>
  <testcase classname="DemoApp_tests.TC_05" name="DragDropTest" time="6.283"/>
  <testcase classname="DemoApp_tests.TC_02" name="LongPressGesture" time="7.952"/>
  <testcase classname="DemoApp_tests.TC_03" name="LongPressGesture" time="5.908"/>
  <testcase classname="DemoApp_tests.TC_01" name="WifiSettingName" time="4.446"/>
</testsuite> <!-- Test -->
