<?xml version="1.0" encoding="UTF-8"?>
<testng-results ignored="0" total="6" passed="6" failed="0" skipped="0">
  <reporter-output>
  </reporter-output>
  <suite started-at="2024-04-27T17:41:11 SELČ" name="Suite" finished-at="2024-04-27T17:42:32 SELČ" duration-ms="81422">
    <groups>
    </groups>
    <test started-at="2024-04-27T17:41:11 SELČ" name="Test" finished-at="2024-04-27T17:42:32 SELČ" duration-ms="81422">
      <class name="DemoApp_tests.TC_06">
        <test-method is-config="true" signature="ConfigureAppium()[pri:0, instance:DemoApp_tests.TC_06@6fd83fc1]" started-at="2024-04-27T17:41:11 SELČ" name="ConfigureAppium" finished-at="2024-04-27T17:41:19 SELČ" duration-ms="7930" status="PASS">
          <reporter-output>
          </reporter-output>
        </test-method> <!-- ConfigureAppium -->
        <test-method signature="Miscellanous()[pri:0, instance:DemoApp_tests.TC_06@6fd83fc1]" started-at="2024-04-27T17:41:19 SELČ" name="Miscellanous" finished-at="2024-04-27T17:41:26 SELČ" duration-ms="7374" status="PASS">
          <reporter-output>
          </reporter-output>
        </test-method> <!-- Miscellanous -->
        <test-method is-config="true" signature="shutDown()[pri:0, instance:DemoApp_tests.TC_06@6fd83fc1]" started-at="2024-04-27T17:41:26 SELČ" name="shutDown" finished-at="2024-04-27T17:41:27 SELČ" duration-ms="522" status="PASS">
          <reporter-output>
          </reporter-output>
        </test-method> <!-- shutDown -->
      </class> <!-- DemoApp_tests.TC_06 -->
      <class name="DemoApp_tests.TC_02">
        <test-method is-config="true" signature="ConfigureAppium()[pri:0, instance:DemoApp_tests.TC_02@c88a337]" started-at="2024-04-27T17:41:52 SELČ" name="ConfigureAppium" finished-at="2024-04-27T17:41:59 SELČ" duration-ms="6982" status="PASS">
          <reporter-output>
          </reporter-output>
        </test-method> <!-- ConfigureAppium -->
        <test-method signature="LongPressGesture()[pri:0, instance:DemoApp_tests.TC_02@c88a337]" started-at="2024-04-27T17:41:59 SELČ" name="LongPressGesture" finished-at="2024-04-27T17:42:07 SELČ" duration-ms="7952" status="PASS">
          <reporter-output>
          </reporter-output>
        </test-method> <!-- LongPressGesture -->
        <test-method is-config="true" signature="shutDown()[pri:0, instance:DemoApp_tests.TC_02@c88a337]" started-at="2024-04-27T17:42:07 SELČ" name="shutDown" finished-at="2024-04-27T17:42:07 SELČ" duration-ms="365" status="PASS">
          <reporter-output>
          </reporter-output>
        </test-method> <!-- shutDown -->
      </class> <!-- DemoApp_tests.TC_02 -->
      <class name="DemoApp_tests.TC_03">
        <test-method is-config="true" signature="ConfigureAppium()[pri:0, instance:DemoApp_tests.TC_03@5d0a1059]" started-at="2024-04-27T17:42:07 SELČ" name="ConfigureAppium" finished-at="2024-04-27T17:42:14 SELČ" duration-ms="6926" status="PASS">
          <reporter-output>
          </reporter-output>
        </test-method> <!-- ConfigureAppium -->
        <test-method signature="LongPressGesture()[pri:0, instance:DemoApp_tests.TC_03@5d0a1059]" started-at="2024-04-27T17:42:14 SELČ" name="LongPressGesture" finished-at="2024-04-27T17:42:20 SELČ" duration-ms="5908" status="PASS">
          <reporter-output>
          </reporter-output>
        </test-method> <!-- LongPressGesture -->
        <test-method is-config="true" signature="shutDown()[pri:0, instance:DemoApp_tests.TC_03@5d0a1059]" started-at="2024-04-27T17:42:20 SELČ" name="shutDown" finished-at="2024-04-27T17:42:20 SELČ" duration-ms="355" status="PASS">
          <reporter-output>
          </reporter-output>
        </test-method> <!-- shutDown -->
      </class> <!-- DemoApp_tests.TC_03 -->
      <class name="DemoApp_tests.TC_04">
        <test-method is-config="true" signature="ConfigureAppium()[pri:0, instance:DemoApp_tests.TC_04@43dac38f]" started-at="2024-04-27T17:41:27 SELČ" name="ConfigureAppium" finished-at="2024-04-27T17:41:34 SELČ" duration-ms="7061" status="PASS">
          <reporter-output>
          </reporter-output>
        </test-method> <!-- ConfigureAppium -->
        <test-method signature="SwipeDemoTest()[pri:0, instance:DemoApp_tests.TC_04@43dac38f]" started-at="2024-04-27T17:41:34 SELČ" name="SwipeDemoTest" finished-at="2024-04-27T17:41:38 SELČ" duration-ms="4295" status="PASS">
          <reporter-output>
          </reporter-output>
        </test-method> <!-- SwipeDemoTest -->
        <test-method is-config="true" signature="shutDown()[pri:0, instance:DemoApp_tests.TC_04@43dac38f]" started-at="2024-04-27T17:41:38 SELČ" name="shutDown" finished-at="2024-04-27T17:41:38 SELČ" duration-ms="366" status="PASS">
          <reporter-output>
          </reporter-output>
        </test-method> <!-- shutDown -->
      </class> <!-- DemoApp_tests.TC_04 -->
      <class name="DemoApp_tests.TC_05">
        <test-method is-config="true" signature="ConfigureAppium()[pri:0, instance:DemoApp_tests.TC_05@342c38f8]" started-at="2024-04-27T17:41:38 SELČ" name="ConfigureAppium" finished-at="2024-04-27T17:41:45 SELČ" duration-ms="6801" status="PASS">
          <reporter-output>
          </reporter-output>
        </test-method> <!-- ConfigureAppium -->
        <test-method signature="DragDropTest()[pri:0, instance:DemoApp_tests.TC_05@342c38f8]" started-at="2024-04-27T17:41:45 SELČ" name="DragDropTest" finished-at="2024-04-27T17:41:51 SELČ" duration-ms="6283" status="PASS">
          <reporter-output>
          </reporter-output>
        </test-method> <!-- DragDropTest -->
        <test-method is-config="true" signature="shutDown()[pri:0, instance:DemoApp_tests.TC_05@342c38f8]" started-at="2024-04-27T17:41:51 SELČ" name="shutDown" finished-at="2024-04-27T17:41:52 SELČ" duration-ms="243" status="PASS">
          <reporter-output>
          </reporter-output>
        </test-method> <!-- shutDown -->
      </class> <!-- DemoApp_tests.TC_05 -->
      <class name="DemoApp_tests.TC_01">
        <test-method is-config="true" signature="ConfigureAppium()[pri:0, instance:DemoApp_tests.TC_01@485966cc]" started-at="2024-04-27T17:42:20 SELČ" name="ConfigureAppium" finished-at="2024-04-27T17:42:27 SELČ" duration-ms="7258" status="PASS">
          <reporter-output>
          </reporter-output>
        </test-method> <!-- ConfigureAppium -->
        <test-method signature="WifiSettingName()[pri:0, instance:DemoApp_tests.TC_01@485966cc]" started-at="2024-04-27T17:42:27 SELČ" name="WifiSettingName" finished-at="2024-04-27T17:42:32 SELČ" duration-ms="4446" status="PASS">
          <reporter-output>
          </reporter-output>
        </test-method> <!-- WifiSettingName -->
        <test-method is-config="true" signature="shutDown()[pri:0, instance:DemoApp_tests.TC_01@485966cc]" started-at="2024-04-27T17:42:32 SELČ" name="shutDown" finished-at="2024-04-27T17:42:32 SELČ" duration-ms="325" status="PASS">
          <reporter-output>
          </reporter-output>
        </test-method> <!-- shutDown -->
      </class> <!-- DemoApp_tests.TC_01 -->
    </test> <!-- Test -->
  </suite> <!-- Suite -->
</testng-results>
